\BOOKMARK [1][-]{section.1}{A Practical Method for Testing Many Moment Inequalities; Yuehao Bai, Andres Santos, Azeem M. Shaikh}{}% 1
\BOOKMARK [2][-]{subsection.1.1}{Introduction}{section.1}% 2
\BOOKMARK [2][-]{subsection.1.2}{Main Result}{section.1}% 3
\BOOKMARK [1][-]{section.2}{Inference on Causal and Structural Parameters Using Many Moment Inequalities; Victor Chernozhukov, Denis Chetverikov, and Kengo Kato \(ReStud, 2019\)}{}% 4
\BOOKMARK [2][-]{subsection.2.1}{Introduction}{section.2}% 5
\BOOKMARK [2][-]{subsection.2.2}{Motivating Examples}{section.2}% 6
\BOOKMARK [3][-]{subsubsection.2.2.1}{Market Structure Model}{subsection.2.2}% 7
\BOOKMARK [2][-]{subsection.2.3}{Test Statistic}{section.2}% 8
\BOOKMARK [2][-]{subsection.2.4}{Critical Values}{section.2}% 9
\BOOKMARK [3][-]{subsubsection.2.4.1}{Self Normalized Critical Values}{subsection.2.4}% 10
\BOOKMARK [3][-]{subsubsection.2.4.2}{Bootstrap Methods}{subsection.2.4}% 11
\BOOKMARK [3][-]{subsubsection.2.4.3}{Hybrid Methods}{subsection.2.4}% 12
\BOOKMARK [3][-]{subsubsection.2.4.4}{Three-step method}{subsection.2.4}% 13
\BOOKMARK [2][-]{subsection.2.5}{Power}{section.2}% 14
\BOOKMARK [2][-]{subsection.2.6}{Monte Carlo Experiments}{section.2}% 15
\BOOKMARK [1][-]{section.3}{Set Identification in Models with Multiple Equilibria; Alfred Galichon, Marc Henry \(ReStud, 2011\)}{}% 16
\BOOKMARK [2][-]{subsection.3.1}{Introduction}{section.3}% 17
\BOOKMARK [2][-]{subsection.3.2}{Identified Features of Models with Multiple Equilibria}{section.3}% 18
\BOOKMARK [3][-]{subsubsection.3.2.1}{Identified Parameter Sets in General Models with Multiple Equilibria}{subsection.3.2}% 19
\BOOKMARK [3][-]{subsubsection.3.2.2}{Some illustrative examples}{subsection.3.2}% 20
\BOOKMARK [2][-]{subsection.3.3}{Effecient Computation of the Identified Set}{section.3}% 21
\BOOKMARK [3][-]{subsubsection.3.3.1}{Submodular Optimization}{subsection.3.3}% 22
\BOOKMARK [3][-]{subsubsection.3.3.2}{Optimal Transportation Approach}{subsection.3.3}% 23
